# JRE version: Java(TM) SE Runtime Environment (8.0_112-b15) (build 1.8.0_112-b15)
# Java VM: Java HotSpot(TM) 64-Bit Server VM (25.112-b15 mixed mode windows-amd64 compressed oops)
Heap:
 PSYoungGen      total 308224K, used 27525K [0x000000076b600000, 0x0000000783d80000, 0x00000007c0000000)
  eden space 290304K, 3% used [0x000000076b600000,0x000000076bf652b0,0x000000077d180000)
  from space 17920K, 99% used [0x000000077d180000,0x000000077e2fc3b8,0x000000077e300000)
  to   space 20480K, 0% used [0x0000000782980000,0x0000000782980000,0x0000000783d80000)
 ParOldGen       total 166400K, used 24435K [0x00000006c2200000, 0x00000006cc480000, 0x000000076b600000)
  object space 166400K, 14% used [0x00000006c2200000,0x00000006c39dce00,0x00000006cc480000)
 Metaspace       used 50552K, capacity 51142K, committed 51496K, reserved 1093632K
  class space    used 6502K, capacity 6642K, committed 6704K, reserved 1048576K
GC Heap History (10 events):
Event: 3.451 GC heap before
{Heap before GC invocations=7 (full 1):
 PSYoungGen      total 140800K, used 134183K [0x000000076b600000, 0x0000000779580000, 0x00000007c0000000)
  eden space 130048K, 100% used [0x000000076b600000,0x0000000773500000,0x0000000773500000)
  from space 10752K, 38% used [0x0000000773500000,0x0000000773909d28,0x0000000773f80000)
  to   space 12800K, 0% used [0x0000000778900000,0x0000000778900000,0x0000000779580000)
 ParOldGen       total 99840K, used 9222K [0x00000006c2200000, 0x00000006c8380000, 0x000000076b600000)
  object space 99840K, 9% used [0x00000006c2200000,0x00000006c2b01a00,0x00000006c8380000)
 Metaspace       used 24164K, capacity 24572K, committed 24880K, reserved 1071104K
  class space    used 2972K, capacity 3071K, committed 3120K, reserved 1048576K
Event: 3.458 GC heap after
Heap after GC invocations=7 (full 1):
 PSYoungGen      total 207360K, used 9706K [0x000000076b600000, 0x0000000779280000, 0x00000007c0000000)
  eden space 197632K, 0% used [0x000000076b600000,0x000000076b600000,0x0000000777700000)
  from space 9728K, 99% used [0x0000000778900000,0x000000077927abd0,0x0000000779280000)
  to   space 13312K, 0% used [0x0000000777880000,0x0000000777880000,0x0000000778580000)
 ParOldGen       total 99840K, used 9230K [0x00000006c2200000, 0x00000006c8380000, 0x000000076b600000)
  object space 99840K, 9% used [0x00000006c2200000,0x00000006c2b03a00,0x00000006c8380000)
 Metaspace       used 24164K, capacity 24572K, committed 24880K, reserved 1071104K
  class space    used 2972K, capacity 3071K, committed 3120K, reserved 1048576K
}
Event: 4.706 GC heap before
{Heap before GC invocations=8 (full 1):
 PSYoungGen      total 207360K, used 207338K [0x000000076b600000, 0x0000000779280000, 0x00000007c0000000)
  eden space 197632K, 100% used [0x000000076b600000,0x0000000777700000,0x0000000777700000)
  from space 9728K, 99% used [0x0000000778900000,0x000000077927abd0,0x0000000779280000)
  to   space 13312K, 0% used [0x0000000777880000,0x0000000777880000,0x0000000778580000)
 ParOldGen       total 99840K, used 9230K [0x00000006c2200000, 0x00000006c8380000, 0x000000076b600000)
  object space 99840K, 9% used [0x00000006c2200000,0x00000006c2b03a00,0x00000006c8380000)
 Metaspace       used 30517K, capacity 30974K, committed 31152K, reserved 1077248K
  class space    used 3864K, capacity 4016K, committed 4016K, reserved 1048576K
Event: 4.717 GC heap after
Heap after GC invocations=8 (full 1):
 PSYoungGen      total 212480K, used 13050K [0x000000076b600000, 0x000000077f200000, 0x00000007c0000000)
  eden space 199168K, 0% used [0x000000076b600000,0x000000076b600000,0x0000000777880000)
  from space 13312K, 98% used [0x0000000777880000,0x000000077853eb90,0x0000000778580000)
  to   space 15360K, 0% used [0x000000077e300000,0x000000077e300000,0x000000077f200000)
 ParOldGen       total 99840K, used 9238K [0x00000006c2200000, 0x00000006c8380000, 0x000000076b600000)
  object space 99840K, 9% used [0x00000006c2200000,0x00000006c2b05a00,0x00000006c8380000)
 Metaspace       used 30517K, capacity 30974K, committed 31152K, reserved 1077248K
  class space    used 3864K, capacity 4016K, committed 4016K, reserved 1048576K
}
Event: 5.856 GC heap before
{Heap before GC invocations=9 (full 1):
 PSYoungGen      total 212480K, used 190095K [0x000000076b600000, 0x000000077f200000, 0x00000007c0000000)
  eden space 199168K, 88% used [0x000000076b600000,0x00000007762e5110,0x0000000777880000)
  from space 13312K, 98% used [0x0000000777880000,0x000000077853eb90,0x0000000778580000)
  to   space 15360K, 0% used [0x000000077e300000,0x000000077e300000,0x000000077f200000)
 ParOldGen       total 99840K, used 9238K [0x00000006c2200000, 0x00000006c8380000, 0x000000076b600000)
  object space 99840K, 9% used [0x00000006c2200000,0x00000006c2b05a00,0x00000006c8380000)
 Metaspace       used 34837K, capacity 35306K, committed 35496K, reserved 1081344K
  class space    used 4333K, capacity 4452K, committed 4528K, reserved 1048576K
Event: 5.868 GC heap after
Heap after GC invocations=9 (full 1):
 PSYoungGen      total 305664K, used 15344K [0x000000076b600000, 0x000000077f580000, 0x00000007c0000000)
  eden space 290304K, 0% used [0x000000076b600000,0x000000076b600000,0x000000077d180000)
  from space 15360K, 99% used [0x000000077e300000,0x000000077f1fc068,0x000000077f200000)
  to   space 17920K, 0% used [0x000000077d180000,0x000000077d180000,0x000000077e300000)
 ParOldGen       total 99840K, used 9601K [0x00000006c2200000, 0x00000006c8380000, 0x000000076b600000)
  object space 99840K, 9% used [0x00000006c2200000,0x00000006c2b606d8,0x00000006c8380000)
 Metaspace       used 34837K, capacity 35306K, committed 35496K, reserved 1081344K
  class space    used 4333K, capacity 4452K, committed 4528K, reserved 1048576K
}
Event: 5.868 GC heap before
{Heap before GC invocations=10 (full 2):
 PSYoungGen      total 305664K, used 15344K [0x000000076b600000, 0x000000077f580000, 0x00000007c0000000)
  eden space 290304K, 0% used [0x000000076b600000,0x000000076b600000,0x000000077d180000)
  from space 15360K, 99% used [0x000000077e300000,0x000000077f1fc068,0x000000077f200000)
  to   space 17920K, 0% used [0x000000077d180000,0x000000077d180000,0x000000077e300000)
 ParOldGen       total 99840K, used 9601K [0x00000006c2200000, 0x00000006c8380000, 0x000000076b600000)
  object space 99840K, 9% used [0x00000006c2200000,0x00000006c2b606d8,0x00000006c8380000)
 Metaspace       used 34837K, capacity 35306K, committed 35496K, reserved 1081344K
  class space    used 4333K, capacity 4452K, committed 4528K, reserved 1048576K
Event: 5.959 GC heap after
Heap after GC invocations=10 (full 2):
 PSYoungGen      total 305664K, used 0K [0x000000076b600000, 0x000000077f580000, 0x00000007c0000000)
  eden space 290304K, 0% used [0x000000076b600000,0x000000076b600000,0x000000077d180000)
  from space 15360K, 0% used [0x000000077e300000,0x000000077e300000,0x000000077f200000)
  to   space 17920K, 0% used [0x000000077d180000,0x000000077d180000,0x000000077e300000)
 ParOldGen       total 166400K, used 23616K [0x00000006c2200000, 0x00000006cc480000, 0x000000076b600000)
  object space 166400K, 14% used [0x00000006c2200000,0x00000006c3910130,0x00000006cc480000)
 Metaspace       used 34837K, capacity 35306K, committed 35496K, reserved 1081344K
  class space    used 4333K, capacity 4452K, committed 4528K, reserved 1048576K
}
Event: 8.073 GC heap before
{Heap before GC invocations=11 (full 2):
 PSYoungGen      total 305664K, used 290304K [0x000000076b600000, 0x000000077f580000, 0x00000007c0000000)
  eden space 290304K, 100% used [0x000000076b600000,0x000000077d180000,0x000000077d180000)
  from space 15360K, 0% used [0x000000077e300000,0x000000077e300000,0x000000077f200000)
  to   space 17920K, 0% used [0x000000077d180000,0x000000077d180000,0x000000077e300000)
 ParOldGen       total 166400K, used 23616K [0x00000006c2200000, 0x00000006cc480000, 0x000000076b600000)
  object space 166400K, 14% used [0x00000006c2200000,0x00000006c3910130,0x00000006cc480000)
 Metaspace       used 50451K, capacity 51060K, committed 51496K, reserved 1093632K
  class space    used 6491K, capacity 6639K, committed 6704K, reserved 1048576K
Event: 8.090 GC heap after
Heap after GC invocations=11 (full 2):
 PSYoungGen      total 308224K, used 17904K [0x000000076b600000, 0x0000000783d80000, 0x00000007c0000000)
  eden space 290304K, 0% used [0x000000076b600000,0x000000076b600000,0x000000077d180000)
  from space 17920K, 99% used [0x000000077d180000,0x000000077e2fc3b8,0x000000077e300000)
  to   space 20480K, 0% used [0x0000000782980000,0x0000000782980000,0x0000000783d80000)
 ParOldGen       total 166400K, used 24435K [0x00000006c2200000, 0x00000006cc480000, 0x000000076b600000)
  object space 166400K, 14% used [0x00000006c2200000,0x00000006c39dce00,0x00000006cc480000)
 Metaspace       used 50451K, capacity 51060K, committed 51496K, reserved 1093632K
  class space    used 6491K, capacity 6639K, committed 6704K, reserved 1048576K
}

